<?xml version="1.0" encoding="UTF-8"?>
<testsuite name="lab9.finance.FinanceUiStateTests" tests="3" skipped="0" failures="0" errors="0" timestamp="2026-05-19T15:50:23.618Z" hostname="DESKTOP-MFH1J99" time="0.002">
  <properties/>
  <testcase name="validCalculationShowsResultState[desktop]" classname="lab9.finance.FinanceUiStateTests" time="0.001"/>
  <testcase name="emptyInputShowsErrorState[desktop]" classname="lab9.finance.FinanceUiStateTests" time="0.001"/>
  <testcase name="switchesCompoundingThemeAndLanguageState[desktop]" classname="lab9.finance.FinanceUiStateTests" time="0.0"/>
  <system-out><![CDATA[]]></system-out>
  <system-err><![CDATA[]]></system-err>
</testsuite>
