<?xml version="1.0" encoding="UTF-8"?>
<testsuite name="lab9.finance.FinanceIntegrationTests" tests="3" skipped="0" failures="0" errors="0" timestamp="2026-05-19T15:50:23.547Z" hostname="DESKTOP-MFH1J99" time="0.041">
  <properties/>
  <testcase name="calculationIsSavedToHistoryRepository[desktop]" classname="lab9.finance.FinanceIntegrationTests" time="0.038"/>
  <testcase name="repositoryCanBeRecreatedFromPreviousHistorySnapshot[desktop]" classname="lab9.finance.FinanceIntegrationTests" time="0.001"/>
  <testcase name="clearHistoryRemovesCalculatedItems[desktop]" classname="lab9.finance.FinanceIntegrationTests" time="0.002"/>
  <system-out><![CDATA[]]></system-out>
  <system-err><![CDATA[]]></system-err>
</testsuite>
